<?xml version="1.0" encoding="UTF-8"?>
<!-- Generated by org.testng.reporters.JUnitReportReporter -->
<testsuite skipped="0" hostname="comp11" name="com.cdac.demo22.Demo22ApplicationTests" tests="1" failures="0" timestamp="14 Jun 2019 11:08:03 GMT" time="0.018" errors="0">
  <testcase name="contextLoads" time="0.018" classname="com.cdac.demo22.Demo22ApplicationTests"/>
</testsuite> <!-- com.cdac.demo22.Demo22ApplicationTests -->
